This is pdfTeX, Version 3.14159265-2.6-1.40.20 (MiKTeX 2.9.6960 64-bit) (preloaded format=pdflatex 2019.3.1)  25 APR 2019 20:34
entering extended mode
**./main.tex
(main.tex
LaTeX2e <2018-12-01>
(diploma.cls
Document Class: diploma 2018/02/13 4.2 diploma LaTeX document class
("E:\Program Files\MikTex\tex/latex/base\ifthen.sty"
Package: ifthen 2014/09/29 v1.1c Standard LaTeX ifthen package (DPC)
)
\Dipl@UniversityName=\toks14
\Dipl@FacultyName=\toks15
\Dipl@DepartmentName=\toks16
\Dipl@ThesisAuthor=\toks17
\Dipl@CzechThesisTitle=\toks18
\Dipl@EnglishThesisTitle=\toks19
\Dipl@SubmissionDate=\toks20
\Dipl@ThesisAssignmentImagePath=\toks21
\Dipl@AuthorDeclaration=\toks22
\Dipl@AuthorDeclarationImageFile=\toks23
\Dipl@CooperatingPersonsDeclaration=\toks24
\Dipl@ThesisAccessRestriction=\toks25
\Dipl@CooperatingPersonsDeclarationImageFile=\toks26
\Dipl@Thanks=\toks27
\Dipl@CzechAbstract=\toks28
\Dipl@CzechKeywords=\toks29
\Dipl@EnglishAbstract=\toks30
\Dipl@EnglishKeywords=\toks31
\Dipl@Acronyms=\toks32
\Dipl@DefaultSourceCodeLanguage=\toks33
\c@Dipl@CurrentThesisType=\count80
\c@Dipl@CurrentThesisLanguage=\count81
\c@Dipl@ThesisAssignmentImageCounter=\count82

("E:\Program Files\MikTex\tex/latex/base\article.cls"
Document Class: article 2018/09/03 v1.4i Standard LaTeX document class
("E:\Program Files\MikTex\tex/latex/base\size11.clo"
File: size11.clo 2018/09/03 v1.4i Standard LaTeX file (size option)
)
\c@part=\count83
\c@section=\count84
\c@subsection=\count85
\c@subsubsection=\count86
\c@paragraph=\count87
\c@subparagraph=\count88
\c@figure=\count89
\c@table=\count90
\abovecaptionskip=\skip41
\belowcaptionskip=\skip42
\bibindent=\dimen102
)
("E:\Program Files\MikTex\tex/generic/babel\babel.sty"
Package: babel 2018/11/13 3.27 The Babel package

("E:\Program Files\MikTex\tex/generic/babel\switch.def"
File: switch.def 2018/11/13 3.27 Babel switching mechanism
)
*************************************
* Local config file bblopts.cfg used
*
("E:\Program Files\MikTex\tex/latex/arabi\bblopts.cfg"
File: bblopts.cfg 2005/09/08 v0.1 add Arabic and Farsi to "declared" options of
 babel
)
("E:\Program Files\MikTex\tex/latex/babel-czech\czech.ldf"
Language: czech 2008/07/06 v3.1a Czech support from the babel system

("E:\Program Files\MikTex\tex/generic/babel\babel.def"
File: babel.def 2018/11/13 3.27 Babel common definitions
\babel@savecnt=\count91
\U@D=\dimen103

("E:\Program Files\MikTex\tex/generic/babel\txtbabel.def")
\bbl@dirlevel=\count92
)
Package babel Info: Making " an active character on input line 172.
\cs@wordlen=\count93
Package babel Info: Making - an active character on input line 226.
)
("E:\Program Files\MikTex\tex/latex/babel-english\english.ldf"
Language: english 2017/06/06 v3.3r English support from the babel system
\l@canadian = a dialect from \language\l@american 
\l@australian = a dialect from \language\l@british 
\l@newzealand = a dialect from \language\l@british 
)
("E:\Program Files\MikTex\tex/latex/babel-slovak\slovak.ldf"
Language: slovak 2008/07/06 v3.1a Slovak support from the babel system
Package babel Info: Making ^ an active character on input line 123.
Package babel Info: Making ' an active character on input line 129.
LaTeX Info: Redefining \uv on input line 278.
\cs@wordlen=\count94
))
("E:\Program Files\MikTex\tex/latex/base\fontenc.sty"
Package: fontenc 2018/08/11 v2.0j Standard LaTeX package

("E:\Program Files\MikTex\tex/latex/base\t1enc.def"
File: t1enc.def 2018/08/11 v2.0j Standard LaTeX file
LaTeX Font Info:    Redeclaring font encoding T1 on input line 48.
))
("E:\Program Files\MikTex\tex/latex/lm\lmodern.sty"
Package: lmodern 2009/10/30 v1.6 Latin Modern Fonts
LaTeX Font Info:    Overwriting symbol font `operators' in version `normal'
(Font)                  OT1/cmr/m/n --> OT1/lmr/m/n on input line 22.
LaTeX Font Info:    Overwriting symbol font `letters' in version `normal'
(Font)                  OML/cmm/m/it --> OML/lmm/m/it on input line 23.
LaTeX Font Info:    Overwriting symbol font `symbols' in version `normal'
(Font)                  OMS/cmsy/m/n --> OMS/lmsy/m/n on input line 24.
LaTeX Font Info:    Overwriting symbol font `largesymbols' in version `normal'
(Font)                  OMX/cmex/m/n --> OMX/lmex/m/n on input line 25.
LaTeX Font Info:    Overwriting symbol font `operators' in version `bold'
(Font)                  OT1/cmr/bx/n --> OT1/lmr/bx/n on input line 26.
LaTeX Font Info:    Overwriting symbol font `letters' in version `bold'
(Font)                  OML/cmm/b/it --> OML/lmm/b/it on input line 27.
LaTeX Font Info:    Overwriting symbol font `symbols' in version `bold'
(Font)                  OMS/cmsy/b/n --> OMS/lmsy/b/n on input line 28.
LaTeX Font Info:    Overwriting symbol font `largesymbols' in version `bold'
(Font)                  OMX/cmex/m/n --> OMX/lmex/m/n on input line 29.
LaTeX Font Info:    Overwriting math alphabet `\mathbf' in version `normal'
(Font)                  OT1/cmr/bx/n --> OT1/lmr/bx/n on input line 31.
LaTeX Font Info:    Overwriting math alphabet `\mathsf' in version `normal'
(Font)                  OT1/cmss/m/n --> OT1/lmss/m/n on input line 32.
LaTeX Font Info:    Overwriting math alphabet `\mathit' in version `normal'
(Font)                  OT1/cmr/m/it --> OT1/lmr/m/it on input line 33.
LaTeX Font Info:    Overwriting math alphabet `\mathtt' in version `normal'
(Font)                  OT1/cmtt/m/n --> OT1/lmtt/m/n on input line 34.
LaTeX Font Info:    Overwriting math alphabet `\mathbf' in version `bold'
(Font)                  OT1/cmr/bx/n --> OT1/lmr/bx/n on input line 35.
LaTeX Font Info:    Overwriting math alphabet `\mathsf' in version `bold'
(Font)                  OT1/cmss/bx/n --> OT1/lmss/bx/n on input line 36.
LaTeX Font Info:    Overwriting math alphabet `\mathit' in version `bold'
(Font)                  OT1/cmr/bx/it --> OT1/lmr/bx/it on input line 37.
LaTeX Font Info:    Overwriting math alphabet `\mathtt' in version `bold'
(Font)                  OT1/cmtt/m/n --> OT1/lmtt/m/n on input line 38.
)
("E:\Program Files\MikTex\tex/latex/geometry\geometry.sty"
Package: geometry 2018/04/16 v5.8 Page Geometry

("E:\Program Files\MikTex\tex/latex/graphics\keyval.sty"
Package: keyval 2014/10/28 v1.15 key=value parser (DPC)
\KV@toks@=\toks34
)
("E:\Program Files\MikTex\tex/generic/oberdiek\ifpdf.sty"
Package: ifpdf 2018/09/07 v3.3 Provides the ifpdf switch
)
("E:\Program Files\MikTex\tex/generic/oberdiek\ifvtex.sty"
Package: ifvtex 2016/05/16 v1.6 Detect VTeX and its facilities (HO)
Package ifvtex Info: VTeX not detected.
)
("E:\Program Files\MikTex\tex/generic/ifxetex\ifxetex.sty"
Package: ifxetex 2010/09/12 v0.6 Provides ifxetex conditional
)
\Gm@cnth=\count95
\Gm@cntv=\count96
\c@Gm@tempcnt=\count97
\Gm@bindingoffset=\dimen104
\Gm@wd@mp=\dimen105
\Gm@odd@mp=\dimen106
\Gm@even@mp=\dimen107
\Gm@layoutwidth=\dimen108
\Gm@layoutheight=\dimen109
\Gm@layouthoffset=\dimen110
\Gm@layoutvoffset=\dimen111
\Gm@dimlist=\toks35

("E:\Program Files\MikTex\tex/latex/geometry\geometry.cfg"))
("E:\Program Files\MikTex\tex/latex/booktabs\booktabs.sty"
Package: booktabs 2005/04/14 v1.61803 publication quality tables
\heavyrulewidth=\dimen112
\lightrulewidth=\dimen113
\cmidrulewidth=\dimen114
\belowrulesep=\dimen115
\belowbottomsep=\dimen116
\aboverulesep=\dimen117
\abovetopsep=\dimen118
\cmidrulesep=\dimen119
\cmidrulekern=\dimen120
\defaultaddspace=\dimen121
\@cmidla=\count98
\@cmidlb=\count99
\@aboverulesep=\dimen122
\@belowrulesep=\dimen123
\@thisruleclass=\count100
\@lastruleclass=\count101
\@thisrulewidth=\dimen124
)
("E:\Program Files\MikTex\tex/latex/graphics\graphicx.sty"
Package: graphicx 2017/06/01 v1.1a Enhanced LaTeX Graphics (DPC,SPQR)

("E:\Program Files\MikTex\tex/latex/graphics\graphics.sty"
Package: graphics 2017/06/25 v1.2c Standard LaTeX Graphics (DPC,SPQR)

("E:\Program Files\MikTex\tex/latex/graphics\trig.sty"
Package: trig 2016/01/03 v1.10 sin cos tan (DPC)
)
("E:\Program Files\MikTex\tex/latex/graphics-cfg\graphics.cfg"
File: graphics.cfg 2016/06/04 v1.11 sample graphics configuration
)
Package graphics Info: Driver file: pdftex.def on input line 99.

("E:\Program Files\MikTex\tex/latex/graphics-def\pdftex.def"
File: pdftex.def 2018/01/08 v1.0l Graphics/color driver for pdftex
))
\Gin@req@height=\dimen125
\Gin@req@width=\dimen126
)
("E:\Program Files\MikTex\tex/latex/listings\listings.sty"
\lst@mode=\count102
\lst@gtempboxa=\box27
\lst@token=\toks36
\lst@length=\count103
\lst@currlwidth=\dimen127
\lst@column=\count104
\lst@pos=\count105
\lst@lostspace=\dimen128
\lst@width=\dimen129
\lst@newlines=\count106
\lst@lineno=\count107
\lst@maxwidth=\dimen130

("E:\Program Files\MikTex\tex/latex/listings\lstmisc.sty"
File: lstmisc.sty 2019/02/27 1.8b (Carsten Heinz)
\c@lstnumber=\count108
\lst@skipnumbers=\count109
\lst@framebox=\box28
)
("E:\Program Files\MikTex\tex/latex/listings\listings.cfg"
File: listings.cfg 2019/02/27 1.8b listings configuration
))
Package: listings 2019/02/27 1.8b (Carsten Heinz)

("E:\Program Files\MikTex\tex/latex/tools\longtable.sty"
Package: longtable 2014/10/28 v4.11 Multi-page Table package (DPC)+ FMi change
\LTleft=\skip43
\LTright=\skip44
\LTpre=\skip45
\LTpost=\skip46
\LTchunksize=\count110
\LTcapwidth=\dimen131
\LT@head=\box29
\LT@firsthead=\box30
\LT@foot=\box31
\LT@lastfoot=\box32
\LT@cols=\count111
\LT@rows=\count112
\c@LT@tables=\count113
\c@LT@chunks=\count114
\LT@p@ftn=\toks37
)
("E:\Program Files\MikTex\tex/latex/graphics\rotating.sty"
Package: rotating 2016/08/11 v2.16d rotated objects in LaTeX
\c@r@tfl@t=\count115
\rotFPtop=\skip47
\rotFPbot=\skip48
\rot@float@box=\box33
\rot@mess@toks=\toks38
)
("E:\Program Files\MikTex\tex/latex/setspace\setspace.sty"
Package: setspace 2011/12/19 v6.7a set line spacing
)
("E:\Program Files\MikTex\tex/latex/tools\theorem.sty"
Package: theorem 2014/10/28 v2.2c Theorem extension package (FMi)
\theorem@style=\toks39
\theorem@bodyfont=\toks40
\theorempreskipamount=\skip49
\theorempostskipamount=\skip50

("E:\Program Files\MikTex\tex/latex/tools\thp.sty"
File: thp.sty 2014/10/28 v2.2c Theorem extension package (FMi)
))
("E:\Program Files\MikTex\tex/latex/titlesec\titlesec.sty"
Package: titlesec 2016/03/21 v2.10.2 Sectioning titles
\ttl@box=\box34
\beforetitleunit=\skip51
\aftertitleunit=\skip52
\ttl@plus=\dimen132
\ttl@minus=\dimen133
\ttl@toksa=\toks41
\titlewidth=\dimen134
\titlewidthlast=\dimen135
\titlewidthfirst=\dimen136
)
("E:\Program Files\MikTex\tex/latex/tocbibind\tocbibind.sty"
Package: tocbibind 2010/10/13 v1.5k extra ToC listings
Package tocbibind Info: The document has section divisions on input line 50.


Package tocbibind Note: Using section or other style headings.

) ("E:\Program Files\MikTex\tex/latex/totcount\totcount.sty"
Package: totcount 2011/01/25 v1.2 package for gettingthe total value of LaTeX c
ounters
)
("E:\Program Files\MikTex\tex/latex/xcolor\xcolor.sty"
Package: xcolor 2016/05/11 v2.12 LaTeX color extensions (UK)

("E:\Program Files\MikTex\tex/latex/graphics-cfg\color.cfg"
File: color.cfg 2016/01/02 v1.6 sample color configuration
)
Package xcolor Info: Driver file: pdftex.def on input line 225.
Package xcolor Info: Model `cmy' substituted by `cmy0' on input line 1348.
Package xcolor Info: Model `hsb' substituted by `rgb' on input line 1352.
Package xcolor Info: Model `RGB' extended on input line 1364.
Package xcolor Info: Model `HTML' substituted by `rgb' on input line 1366.
Package xcolor Info: Model `Hsb' substituted by `hsb' on input line 1367.
Package xcolor Info: Model `tHsb' substituted by `hsb' on input line 1368.
Package xcolor Info: Model `HSB' substituted by `hsb' on input line 1369.
Package xcolor Info: Model `Gray' substituted by `gray' on input line 1370.
Package xcolor Info: Model `wave' substituted by `hsb' on input line 1371.
)
("E:\Program Files\MikTex\tex/latex/pdfx\pdfx.sty"
Package: pdfx 2018/12/22 v1.6.1 PDF/X and PDF/A support (CVR/HTH/RRM/PS)
\pdfx@minorversion=\count116

("E:\Program Files\MikTex\tex/latex/iftex\iftex.sty"
Package: iftex 2013/04/04 v0.2 Provides if(tex) conditional for PDFTeX, XeTeX, 
and LuaTeX
)
("E:\Program Files\MikTex\tex/latex/ms\everyshi.sty"
Package: everyshi 2001/05/15 v3.00 EveryShipout Package (MS)
)
("E:\Program Files\MikTex\tex/generic/oberdiek\ifluatex.sty"
Package: ifluatex 2016/05/16 v1.4 Provides the ifluatex switch (HO)
Package ifluatex Info: LuaTeX not detected.
){C:/Users/Dakado/AppData/Local/MiKTeX/2.9/pdftex/config/pdftex.map}
("E:\Program Files\MikTex\tex/latex/base\inputenc.sty"
Package: inputenc 2018/08/11 v1.3c Input encoding file
\inpenc@prehook=\toks42
\inpenc@posthook=\toks43
)
("E:\Program Files\MikTex\tex/latex/pdfx\l8u-penc.def"
File: l8u-penc.def 2017/06/23 v0.8 Custom LaTeX file, for UTF8 encoded letters 
and symbols
LaTeX Info: Composite with undeclared \b in encoding L8U on input line 278.
)
\pdfxsafeforxmp@toks=\toks44
\pdfx@tmptoks=\toks45

("E:\Program Files\MikTex\tex/latex/hyperref\hyperref.sty"
Package: hyperref 2018/11/30 v6.88e Hypertext links for LaTeX

("E:\Program Files\MikTex\tex/generic/oberdiek\hobsub-hyperref.sty"
Package: hobsub-hyperref 2016/05/16 v1.14 Bundle oberdiek, subset hyperref (HO)


("E:\Program Files\MikTex\tex/generic/oberdiek\hobsub-generic.sty"
Package: hobsub-generic 2016/05/16 v1.14 Bundle oberdiek, subset generic (HO)
Package: hobsub 2016/05/16 v1.14 Construct package bundles (HO)
Package: infwarerr 2016/05/16 v1.4 Providing info/warning/error messages (HO)
Package: ltxcmds 2016/05/16 v1.23 LaTeX kernel commands for general use (HO)
Package hobsub Info: Skipping package `ifluatex' (already loaded).
Package hobsub Info: Skipping package `ifvtex' (already loaded).
Package: intcalc 2016/05/16 v1.2 Expandable calculations with integers (HO)
Package hobsub Info: Skipping package `ifpdf' (already loaded).
Package: etexcmds 2016/05/16 v1.6 Avoid name clashes with e-TeX commands (HO)
Package: kvsetkeys 2016/05/16 v1.17 Key value parser (HO)
Package: kvdefinekeys 2016/05/16 v1.4 Define keys (HO)
Package: pdftexcmds 2018/09/10 v0.29 Utility functions of pdfTeX for LuaTeX (HO
)
Package pdftexcmds Info: LuaTeX not detected.
Package pdftexcmds Info: \pdf@primitive is available.
Package pdftexcmds Info: \pdf@ifprimitive is available.
Package pdftexcmds Info: \pdfdraftmode found.
Package: pdfescape 2016/05/16 v1.14 Implements pdfTeX's escape features (HO)
Package: bigintcalc 2016/05/16 v1.4 Expandable calculations on big integers (HO
)
Package: bitset 2016/05/16 v1.2 Handle bit-vector datatype (HO)
Package: uniquecounter 2016/05/16 v1.3 Provide unlimited unique counter (HO)
)
Package hobsub Info: Skipping package `hobsub' (already loaded).
Package: letltxmacro 2016/05/16 v1.5 Let assignment for LaTeX macros (HO)
Package: hopatch 2016/05/16 v1.3 Wrapper for package hooks (HO)
Package: xcolor-patch 2016/05/16 xcolor patch
Package: atveryend 2016/05/16 v1.9 Hooks at the very end of document (HO)
Package atveryend Info: \enddocument detected (standard20110627).
Package: atbegshi 2016/06/09 v1.18 At begin shipout hook (HO)
Package: refcount 2016/05/16 v3.5 Data extraction from label references (HO)
Package: hycolor 2016/05/16 v1.8 Color options for hyperref/bookmark (HO)
)
("E:\Program Files\MikTex\tex/latex/oberdiek\auxhook.sty"
Package: auxhook 2016/05/16 v1.4 Hooks for auxiliary files (HO)
)
("E:\Program Files\MikTex\tex/latex/oberdiek\kvoptions.sty"
Package: kvoptions 2016/05/16 v3.12 Key value format for package options (HO)
)
\@linkdim=\dimen137
\Hy@linkcounter=\count117
\Hy@pagecounter=\count118

("E:\Program Files\MikTex\tex/latex/hyperref\pd1enc.def"
File: pd1enc.def 2018/11/30 v6.88e Hyperref: PDFDocEncoding definition (HO)
)
\Hy@SavedSpaceFactor=\count119

("E:\Program Files\MikTex\tex/latex/00miktex\hyperref.cfg"
File: hyperref.cfg 2002/06/06 v1.2 hyperref configuration of TeXLive
)
Package hyperref Info: Option `pdfa' set `true' on input line 4393.
Package hyperref Info: Hyper figures OFF on input line 4519.
Package hyperref Info: Link nesting OFF on input line 4524.
Package hyperref Info: Hyper index ON on input line 4527.
Package hyperref Info: Plain pages OFF on input line 4534.
Package hyperref Info: Backreferencing OFF on input line 4539.
Package hyperref Info: Implicit mode ON; LaTeX internals redefined.
Package hyperref Info: Bookmarks ON on input line 4772.
\c@Hy@tempcnt=\count120

("E:\Program Files\MikTex\tex/latex/url\url.sty"
\Urlmuskip=\muskip10
Package: url 2013/09/16  ver 3.4  Verb mode for urls, etc.
)
LaTeX Info: Redefining \url on input line 5125.
\XeTeXLinkMargin=\dimen138
\Fld@menulength=\count121
\Field@Width=\dimen139
\Fld@charsize=\dimen140
Package hyperref Info: Hyper figures OFF on input line 6380.
Package hyperref Info: Link nesting OFF on input line 6385.
Package hyperref Info: Hyper index ON on input line 6388.
Package hyperref Info: backreferencing OFF on input line 6395.
Package hyperref Info: Link coloring OFF on input line 6400.
Package hyperref Info: Link coloring with OCG OFF on input line 6405.
Package hyperref Info: PDF/A mode ON on input line 6408.
LaTeX Info: Redefining \ref on input line 6450.
LaTeX Info: Redefining \pageref on input line 6454.
\Hy@abspage=\count122
\c@Item=\count123
\c@Hfootnote=\count124
)
Package hyperref Info: Driver: hpdftex.

("E:\Program Files\MikTex\tex/latex/hyperref\hpdftex.def"
File: hpdftex.def 2018/11/30 v6.88e Hyperref driver for pdfTeX
\Fld@listcount=\count125
\c@bookmark@seq@number=\count126

("E:\Program Files\MikTex\tex/latex/oberdiek\rerunfilecheck.sty"
Package: rerunfilecheck 2016/05/16 v1.8 Rerun checks for auxiliary files (HO)
Package uniquecounter Info: New unique counter `rerunfilecheck' on input line 2
82.
)
\Hy@SectionHShift=\skip53
)
Package hyperref Info: Option `unicode' set `true' on input line 1434.

("E:\Program Files\MikTex\tex/latex/hyperref\puenc.def"
File: puenc.def 2018/11/30 v6.88e Hyperref: PDF Unicode definition (HO)
)
("E:\Program Files\MikTex\tex/generic/oberdiek\stringenc.sty"
Package: stringenc 2016/05/16 v1.11 Convert strings between diff. encodings (HO
)
)
Package hyperref Info: Option `psdextra' set `true' on input line 1436.

("E:\Program Files\MikTex\tex/latex/hyperref\psdextra.def"
File: psdextra.def 2018/11/30 v6.88e Hyperref: Additions to PDF string support
)
("E:\Program Files\MikTex\tex/generic/colorprofiles\colorprofiles.sty"
Package: colorprofiles 2018/11/01 v1.0.1 color profiles for PDF/X and PDF/A sup
port

("E:\Program Files\MikTex\tex/generic/colorprofiles\colorprofiles.tex"))
("E:\Program Files\MikTex\tex/generic/oberdiek\se-pdfdoc.def"
File: se-pdfdoc.def 2016/05/16 v1.11 stringenc: PDFDocEncoding
)
("E:\Program Files\MikTex\tex/latex/pdfx\AdobeColorProfiles.tex")
("E:\Program Files\MikTex\tex/latex/pdfx\8bit.def"
File: 8bit.def 2008/03/30 v1.1d Input encoding file
)
** pdfx: No file main.xmpdata . Metadata will be incomplete!
<<sRGB.icc>> ("E:\Program Files\MikTex\tex/latex/pdfx\8bit.def"
File: 8bit.def 2008/03/30 v1.1d Input encoding file
)
Package hyperref Info: Option `unicode' set `true' on input line 2374.
Package hyperref Info: Option `unicode' set `true' on input line 2375.

("E:\Program Files\MikTex\tex/generic/pdftex\glyphtounicode.tex")
("E:\Program Files\MikTex\tex/latex/pdfx\glyphtounicode-cmr.tex")
("E:\Program Files\MikTex\tex/latex/pdfx\glyphtounicode-ntx.tex")
("E:\Program Files\MikTex\tex/latex/xmpincl\xmpincl.sty"
Package: xmpincl 2008/05/10 v2.2 Include XMP data in pdflatex
)
("E:\Program Files\MikTex\tex/latex/pdfx\8bit.def"
File: 8bit.def 2008/03/30 v1.1d Input encoding file
)
Using XMP template file: pdfa.xmp
\xmpinclWrite=\write3
\xmpinclRead=\read1
\openout3 = `pdfa.xmpi'.

<<pdfa.xmpi>>) ("E:\Program Files\MikTex\tex/latex/base\inputenc.sty"
Package: inputenc 2018/08/11 v1.3c Input encoding file
)
\c@definition=\count127
\c@theorem=\count128
\c@remark=\count129

("E:\Program Files\MikTex\tex/latex/tools\thb.sty"
File: thb.sty 2014/10/28 v2.2c Theorem extension package (FMi)
)
\c@Dipl@examplebody=\count130
\c@figure@totc=\count131
\c@table@totc=\count132
)
("E:\Program Files\MikTex\tex/latex/subfig\subfig.sty"
Package: subfig 2005/06/28 ver: 1.3 subfig package

("E:\Program Files\MikTex\tex/latex/caption\caption.sty"
Package: caption 2018/10/06 v3.3-154 Customizing captions (AR)

("E:\Program Files\MikTex\tex/latex/caption\caption3.sty"
Package: caption3 2018/09/12 v1.8c caption3 kernel (AR)
Package caption3 Info: TeX engine: e-TeX on input line 64.
\captionmargin=\dimen141
\captionmargin@=\dimen142
\captionwidth=\dimen143
\caption@tempdima=\dimen144
\caption@indent=\dimen145
\caption@parindent=\dimen146
\caption@hangindent=\dimen147
)
\c@caption@flags=\count133
\c@ContinuedFloat=\count134
Package caption Info: hyperref package is loaded.
Package caption Info: listings package is loaded.
Package caption Info: longtable package is loaded.

("E:\Program Files\MikTex\tex/latex/caption\ltcaption.sty"
Package: ltcaption 2018/08/26 v1.4-95 longtable captions (AR)
)
Package caption Info: rotating package is loaded.
)
\c@KVtest=\count135
\sf@farskip=\skip54
\sf@captopadj=\dimen148
\sf@capskip=\skip55
\sf@nearskip=\skip56
\c@subfigure=\count136
\c@subfigure@save=\count137
\c@lofdepth=\count138
\c@subtable=\count139
\c@subtable@save=\count140
\c@lotdepth=\count141
\sf@top=\skip57
\sf@bottom=\skip58
)
("E:\Program Files\MikTex\tex/latex/pgf/frontendlayer\tikz.sty"
("E:\Program Files\MikTex\tex/latex/pgf/basiclayer\pgf.sty"
("E:\Program Files\MikTex\tex/latex/pgf/utilities\pgfrcs.sty"
("E:\Program Files\MikTex\tex/generic/pgf/utilities\pgfutil-common.tex"
\pgfutil@everybye=\toks46
\pgfutil@tempdima=\dimen149
\pgfutil@tempdimb=\dimen150

("E:\Program Files\MikTex\tex/generic/pgf/utilities\pgfutil-common-lists.tex"))
("E:\Program Files\MikTex\tex/generic/pgf/utilities\pgfutil-latex.def"
\pgfutil@abb=\box35
)
("E:\Program Files\MikTex\tex/generic/pgf/utilities\pgfrcs.code.tex"
("E:\Program Files\MikTex\tex/generic/pgf\pgf.revision.tex")
Package: pgfrcs 2019/02/02 v3.1.1 (3.1.1)
))
Package: pgf 2019/02/02 v3.1.1 (3.1.1)

("E:\Program Files\MikTex\tex/latex/pgf/basiclayer\pgfcore.sty"
("E:\Program Files\MikTex\tex/latex/pgf/systemlayer\pgfsys.sty"
("E:\Program Files\MikTex\tex/generic/pgf/systemlayer\pgfsys.code.tex"
Package: pgfsys 2019/02/02 v3.1.1 (3.1.1)

("E:\Program Files\MikTex\tex/generic/pgf/utilities\pgfkeys.code.tex"
\pgfkeys@pathtoks=\toks47
\pgfkeys@temptoks=\toks48

("E:\Program Files\MikTex\tex/generic/pgf/utilities\pgfkeysfiltered.code.tex"
\pgfkeys@tmptoks=\toks49
))
\pgf@x=\dimen151
\pgf@y=\dimen152
\pgf@xa=\dimen153
\pgf@ya=\dimen154
\pgf@xb=\dimen155
\pgf@yb=\dimen156
\pgf@xc=\dimen157
\pgf@yc=\dimen158
\w@pgf@writea=\write4
\r@pgf@reada=\read2
\c@pgf@counta=\count142
\c@pgf@countb=\count143
\c@pgf@countc=\count144
\c@pgf@countd=\count145
\t@pgf@toka=\toks50
\t@pgf@tokb=\toks51
\t@pgf@tokc=\toks52
\pgf@sys@id@count=\count146
("E:\Program Files\MikTex\tex/generic/pgf/systemlayer\pgf.cfg"
File: pgf.cfg 2019/02/02 v3.1.1 (3.1.1)
)
Driver file for pgf: pgfsys-pdftex.def

("E:\Program Files\MikTex\tex/generic/pgf/systemlayer\pgfsys-pdftex.def"
File: pgfsys-pdftex.def 2019/02/02 v3.1.1 (3.1.1)

("E:\Program Files\MikTex\tex/generic/pgf/systemlayer\pgfsys-common-pdf.def"
File: pgfsys-common-pdf.def 2019/02/02 v3.1.1 (3.1.1)
))) ("E:\Program Files\MikTex\tex/generic/pgf/systemlayer\pgfsyssoftpath.code.t
ex"
File: pgfsyssoftpath.code.tex 2019/02/02 v3.1.1 (3.1.1)
\pgfsyssoftpath@smallbuffer@items=\count147
\pgfsyssoftpath@bigbuffer@items=\count148
) ("E:\Program Files\MikTex\tex/generic/pgf/systemlayer\pgfsysprotocol.code.tex
"
File: pgfsysprotocol.code.tex 2019/02/02 v3.1.1 (3.1.1)
)) ("E:\Program Files\MikTex\tex/generic/pgf/basiclayer\pgfcore.code.tex"
Package: pgfcore 2019/02/02 v3.1.1 (3.1.1)

("E:\Program Files\MikTex\tex/generic/pgf/math\pgfmath.code.tex"
("E:\Program Files\MikTex\tex/generic/pgf/math\pgfmathcalc.code.tex"
("E:\Program Files\MikTex\tex/generic/pgf/math\pgfmathutil.code.tex")
("E:\Program Files\MikTex\tex/generic/pgf/math\pgfmathparser.code.tex"
\pgfmath@dimen=\dimen159
\pgfmath@count=\count149
\pgfmath@box=\box36
\pgfmath@toks=\toks53
\pgfmath@stack@operand=\toks54
\pgfmath@stack@operation=\toks55
)
("E:\Program Files\MikTex\tex/generic/pgf/math\pgfmathfunctions.code.tex"
("E:\Program Files\MikTex\tex/generic/pgf/math\pgfmathfunctions.basic.code.tex"
)
("E:\Program Files\MikTex\tex/generic/pgf/math\pgfmathfunctions.trigonometric.c
ode.tex")
("E:\Program Files\MikTex\tex/generic/pgf/math\pgfmathfunctions.random.code.tex
")
("E:\Program Files\MikTex\tex/generic/pgf/math\pgfmathfunctions.comparison.code
.tex")
("E:\Program Files\MikTex\tex/generic/pgf/math\pgfmathfunctions.base.code.tex")
("E:\Program Files\MikTex\tex/generic/pgf/math\pgfmathfunctions.round.code.tex"
) ("E:\Program Files\MikTex\tex/generic/pgf/math\pgfmathfunctions.misc.code.tex
")
("E:\Program Files\MikTex\tex/generic/pgf/math\pgfmathfunctions.integerarithmet
ics.code.tex")))
("E:\Program Files\MikTex\tex/generic/pgf/math\pgfmathfloat.code.tex"
\c@pgfmathroundto@lastzeros=\count150
))
("E:\Program Files\MikTex\tex/generic/pgf/basiclayer\pgfcorepoints.code.tex"
File: pgfcorepoints.code.tex 2019/02/02 v3.1.1 (3.1.1)
\pgf@picminx=\dimen160
\pgf@picmaxx=\dimen161
\pgf@picminy=\dimen162
\pgf@picmaxy=\dimen163
\pgf@pathminx=\dimen164
\pgf@pathmaxx=\dimen165
\pgf@pathminy=\dimen166
\pgf@pathmaxy=\dimen167
\pgf@xx=\dimen168
\pgf@xy=\dimen169
\pgf@yx=\dimen170
\pgf@yy=\dimen171
\pgf@zx=\dimen172
\pgf@zy=\dimen173
)
("E:\Program Files\MikTex\tex/generic/pgf/basiclayer\pgfcorepathconstruct.code.
tex"
File: pgfcorepathconstruct.code.tex 2019/02/02 v3.1.1 (3.1.1)
\pgf@path@lastx=\dimen174
\pgf@path@lasty=\dimen175
)
("E:\Program Files\MikTex\tex/generic/pgf/basiclayer\pgfcorepathusage.code.tex"
File: pgfcorepathusage.code.tex 2019/02/02 v3.1.1 (3.1.1)
\pgf@shorten@end@additional=\dimen176
\pgf@shorten@start@additional=\dimen177
) ("E:\Program Files\MikTex\tex/generic/pgf/basiclayer\pgfcorescopes.code.tex"
File: pgfcorescopes.code.tex 2019/02/02 v3.1.1 (3.1.1)
\pgfpic=\box37
\pgf@hbox=\box38
\pgf@layerbox@main=\box39
\pgf@picture@serial@count=\count151
)
("E:\Program Files\MikTex\tex/generic/pgf/basiclayer\pgfcoregraphicstate.code.t
ex"
File: pgfcoregraphicstate.code.tex 2019/02/02 v3.1.1 (3.1.1)
\pgflinewidth=\dimen178
)
("E:\Program Files\MikTex\tex/generic/pgf/basiclayer\pgfcoretransformations.cod
e.tex"
File: pgfcoretransformations.code.tex 2019/02/02 v3.1.1 (3.1.1)
\pgf@pt@x=\dimen179
\pgf@pt@y=\dimen180
\pgf@pt@temp=\dimen181
)
("E:\Program Files\MikTex\tex/generic/pgf/basiclayer\pgfcorequick.code.tex"
File: pgfcorequick.code.tex 2019/02/02 v3.1.1 (3.1.1)
)
("E:\Program Files\MikTex\tex/generic/pgf/basiclayer\pgfcoreobjects.code.tex"
File: pgfcoreobjects.code.tex 2019/02/02 v3.1.1 (3.1.1)
)
("E:\Program Files\MikTex\tex/generic/pgf/basiclayer\pgfcorepathprocessing.code
.tex"
File: pgfcorepathprocessing.code.tex 2019/02/02 v3.1.1 (3.1.1)
)
("E:\Program Files\MikTex\tex/generic/pgf/basiclayer\pgfcorearrows.code.tex"
File: pgfcorearrows.code.tex 2019/02/02 v3.1.1 (3.1.1)
\pgfarrowsep=\dimen182
)
("E:\Program Files\MikTex\tex/generic/pgf/basiclayer\pgfcoreshade.code.tex"
File: pgfcoreshade.code.tex 2019/02/02 v3.1.1 (3.1.1)
\pgf@max=\dimen183
\pgf@sys@shading@range@num=\count152
)
("E:\Program Files\MikTex\tex/generic/pgf/basiclayer\pgfcoreimage.code.tex"
File: pgfcoreimage.code.tex 2019/02/02 v3.1.1 (3.1.1)

("E:\Program Files\MikTex\tex/generic/pgf/basiclayer\pgfcoreexternal.code.tex"
File: pgfcoreexternal.code.tex 2019/02/02 v3.1.1 (3.1.1)
\pgfexternal@startupbox=\box40
)) ("E:\Program Files\MikTex\tex/generic/pgf/basiclayer\pgfcorelayers.code.tex"
File: pgfcorelayers.code.tex 2019/02/02 v3.1.1 (3.1.1)
)
("E:\Program Files\MikTex\tex/generic/pgf/basiclayer\pgfcoretransparency.code.t
ex"
File: pgfcoretransparency.code.tex 2019/02/02 v3.1.1 (3.1.1)
)
("E:\Program Files\MikTex\tex/generic/pgf/basiclayer\pgfcorepatterns.code.tex"
File: pgfcorepatterns.code.tex 2019/02/02 v3.1.1 (3.1.1)
) ("E:\Program Files\MikTex\tex/generic/pgf/basiclayer\pgfcorerdf.code.tex"
File: pgfcorerdf.code.tex 2019/02/02 v3.1.1 (3.1.1)
)))
("E:\Program Files\MikTex\tex/generic/pgf/modules\pgfmoduleshapes.code.tex"
File: pgfmoduleshapes.code.tex 2019/02/02 v3.1.1 (3.1.1)
\pgfnodeparttextbox=\box41
)
("E:\Program Files\MikTex\tex/generic/pgf/modules\pgfmoduleplot.code.tex"
File: pgfmoduleplot.code.tex 2019/02/02 v3.1.1 (3.1.1)
)
("E:\Program Files\MikTex\tex/latex/pgf/compatibility\pgfcomp-version-0-65.sty"
Package: pgfcomp-version-0-65 2019/02/02 v3.1.1 (3.1.1)
\pgf@nodesepstart=\dimen184
\pgf@nodesepend=\dimen185
) ("E:\Program Files\MikTex\tex/latex/pgf/compatibility\pgfcomp-version-1-18.st
y"
Package: pgfcomp-version-1-18 2019/02/02 v3.1.1 (3.1.1)
)) ("E:\Program Files\MikTex\tex/latex/pgf/utilities\pgffor.sty"
("E:\Program Files\MikTex\tex/latex/pgf/utilities\pgfkeys.sty"
("E:\Program Files\MikTex\tex/generic/pgf/utilities\pgfkeys.code.tex"))
("E:\Program Files\MikTex\tex/latex/pgf/math\pgfmath.sty"
("E:\Program Files\MikTex\tex/generic/pgf/math\pgfmath.code.tex"))
("E:\Program Files\MikTex\tex/generic/pgf/utilities\pgffor.code.tex"
Package: pgffor 2019/02/02 v3.1.1 (3.1.1)

("E:\Program Files\MikTex\tex/generic/pgf/math\pgfmath.code.tex")
\pgffor@iter=\dimen186
\pgffor@skip=\dimen187
\pgffor@stack=\toks56
\pgffor@toks=\toks57
))
("E:\Program Files\MikTex\tex/generic/pgf/frontendlayer/tikz\tikz.code.tex"
Package: tikz 2019/02/02 v3.1.1 (3.1.1)

("E:\Program Files\MikTex\tex/generic/pgf/libraries\pgflibraryplothandlers.code
.tex"
File: pgflibraryplothandlers.code.tex 2019/02/02 v3.1.1 (3.1.1)
\pgf@plot@mark@count=\count153
\pgfplotmarksize=\dimen188
)
\tikz@lastx=\dimen189
\tikz@lasty=\dimen190
\tikz@lastxsaved=\dimen191
\tikz@lastysaved=\dimen192
\tikzleveldistance=\dimen193
\tikzsiblingdistance=\dimen194
\tikz@figbox=\box42
\tikz@figbox@bg=\box43
\tikz@tempbox=\box44
\tikz@tempbox@bg=\box45
\tikztreelevel=\count154
\tikznumberofchildren=\count155
\tikznumberofcurrentchild=\count156
\tikz@fig@count=\count157

("E:\Program Files\MikTex\tex/generic/pgf/modules\pgfmodulematrix.code.tex"
File: pgfmodulematrix.code.tex 2019/02/02 v3.1.1 (3.1.1)
\pgfmatrixcurrentrow=\count158
\pgfmatrixcurrentcolumn=\count159
\pgf@matrix@numberofcolumns=\count160
)
\tikz@expandcount=\count161

("E:\Program Files\MikTex\tex/generic/pgf/frontendlayer/tikz/libraries\tikzlibr
arytopaths.code.tex"
File: tikzlibrarytopaths.code.tex 2019/02/02 v3.1.1 (3.1.1)
))) (main.aux)
\openout1 = `main.aux'.

LaTeX Font Info:    Checking defaults for OML/cmm/m/it on input line 59.
LaTeX Font Info:    ... okay on input line 59.
LaTeX Font Info:    Checking defaults for T1/cmr/m/n on input line 59.
LaTeX Font Info:    ... okay on input line 59.
LaTeX Font Info:    Checking defaults for OT1/cmr/m/n on input line 59.
LaTeX Font Info:    ... okay on input line 59.
LaTeX Font Info:    Checking defaults for OMS/cmsy/m/n on input line 59.
LaTeX Font Info:    ... okay on input line 59.
LaTeX Font Info:    Checking defaults for OMX/cmex/m/n on input line 59.
LaTeX Font Info:    ... okay on input line 59.
LaTeX Font Info:    Checking defaults for U/cmr/m/n on input line 59.
LaTeX Font Info:    ... okay on input line 59.
LaTeX Font Info:    Checking defaults for PD1/pdf/m/n on input line 59.
LaTeX Font Info:    ... okay on input line 59.
LaTeX Font Info:    Checking defaults for PU/pdf/m/n on input line 59.
LaTeX Font Info:    ... okay on input line 59.
LaTeX Font Info:    Try loading font information for T1+lmr on input line 59.

("E:\Program Files\MikTex\tex/latex/lm\t1lmr.fd"
File: t1lmr.fd 2009/10/30 v1.6 Font defs for Latin Modern
)
*geometry* driver: auto-detecting
*geometry* detected driver: pdftex
*geometry* verbose mode - [ preamble ] result:
* driver: pdftex
* paper: a4paper
* layout: <same size as paper>
* layoutoffset:(h,v)=(0.0pt,0.0pt)
* modes: includefoot twoside 
* h-part:(L,W,R)=(85.35826pt, 455.24411pt, 56.9055pt)
* v-part:(T,H,B)=(85.35826pt, 674.33032pt, 85.35826pt)
* \paperwidth=597.50787pt
* \paperheight=845.04684pt
* \textwidth=455.24411pt
* \textheight=644.33032pt
* \oddsidemargin=13.08827pt
* \evensidemargin=-15.36449pt
* \topmargin=13.08827pt
* \headheight=0.0pt
* \headsep=0.0pt
* \topskip=11.0pt
* \footskip=30.0pt
* \marginparwidth=0.0pt
* \marginparsep=0.0pt
* \columnsep=10.0pt
* \skip\footins=10.0pt plus 4.0pt minus 2.0pt
* \hoffset=0.0pt
* \voffset=0.0pt
* \mag=1000
* \@twocolumnfalse
* \@twosidetrue
* \@mparswitchtrue
* \@reversemarginfalse
* (1in=72.27pt=25.4mm, 1cm=28.453pt)

("E:\Program Files\MikTex\tex/context/base/mkii\supp-pdf.mkii"
[Loading MPS to PDF converter (version 2006.09.02).]
\scratchcounter=\count162
\scratchdimen=\dimen195
\scratchbox=\box46
\nofMPsegments=\count163
\nofMParguments=\count164
\everyMPshowfont=\toks58
\MPscratchCnt=\count165
\MPscratchDim=\dimen196
\MPnumerator=\count166
\makeMPintoPDFobject=\count167
\everyMPtoPDFconversion=\toks59
) ("E:\Program Files\MikTex\tex/latex/oberdiek\epstopdf-base.sty"
Package: epstopdf-base 2016/05/15 v2.6 Base part for package epstopdf

("E:\Program Files\MikTex\tex/latex/oberdiek\grfext.sty"
Package: grfext 2016/05/16 v1.2 Manage graphics extensions (HO)
)
Package epstopdf-base Info: Redefining graphics rule for `.eps' on input line 4
38.
Package grfext Info: Graphics extension search list:
(grfext)             [.pdf,.png,.jpg,.mps,.jpeg,.jbig2,.jb2,.PDF,.PNG,.JPG,.JPE
G,.JBIG2,.JB2,.eps]
(grfext)             \AppendGraphicsExtensions on input line 456.
)
\c@lstlisting=\count168

ABD: EveryShipout initializing macros
\AtBeginShipoutBox=\box47
Package hyperref Info: Link coloring OFF on input line 59.

("E:\Program Files\MikTex\tex/latex/hyperref\nameref.sty"
Package: nameref 2016/05/21 v2.44 Cross-referencing by name of section

("E:\Program Files\MikTex\tex/generic/oberdiek\gettitlestring.sty"
Package: gettitlestring 2016/05/16 v1.5 Cleanup title references (HO)
)
\c@section@level=\count169
)
LaTeX Info: Redefining \ref on input line 59.
LaTeX Info: Redefining \pageref on input line 59.
LaTeX Info: Redefining \nameref on input line 59.
 (main.out) (main.out)
\@outlinefile=\write5
\openout5 = `main.out'.

 ("E:\Program Files\MikTex\tex/latex/listings\lstlang1.sty"
File: lstlang1.sty 2019/02/27 1.8b listings language file
)
Package caption Info: Begin \AtBeginDocument code.
Package caption Info: subfig package v1.3 is loaded.
Package caption Info: End \AtBeginDocument code.
LaTeX Font Info:    Try loading font information for T1+lmss on input line 62.

("E:\Program Files\MikTex\tex/latex/lm\t1lmss.fd"
File: t1lmss.fd 2009/10/30 v1.6 Font defs for Latin Modern
) [1

] [2

]
*geometry* verbose mode - [ newgeometry ] result:
* driver: pdftex
* paper: a4paper
* layout: <same size as paper>
* layoutoffset:(h,v)=(0.0pt,0.0pt)
* hratio: 1:1
* vratio: 1:1
* modes: 
* h-part:(L,W,R)=(1.0pt, 595.50787pt, 1.0pt)
* v-part:(T,H,B)=(1.0pt, 843.04684pt, 1.0pt)
* \paperwidth=597.50787pt
* \paperheight=845.04684pt
* \textwidth=595.50787pt
* \textheight=843.04684pt
* \oddsidemargin=-71.26999pt
* \evensidemargin=-71.26999pt
* \topmargin=-71.26999pt
* \headheight=0.0pt
* \headsep=0.0pt
* \topskip=11.0pt
* \footskip=0.0pt
* \marginparwidth=0.0pt
* \marginparsep=0.0pt
* \columnsep=10.0pt
* \skip\footins=10.0pt plus 4.0pt minus 2.0pt
* \hoffset=0.0pt
* \voffset=0.0pt
* \mag=1000
* \@twocolumnfalse
* \@twosidefalse
* \@mparswitchfalse
* \@reversemarginfalse
* (1in=72.27pt=25.4mm, 1cm=28.453pt)

<Figures/Assignment1.jpg, id=171, 597.6729pt x 844.8363pt>
File: Figures/Assignment1.jpg Graphic file (type jpg)
<use Figures/Assignment1.jpg>
Package pdftex.def Info: Figures/Assignment1.jpg  used on input line 62.
(pdftex.def)             Requested size: 589.60045pt x 834.63734pt.
 [3

 <./Figures/Assignment1.jpg>]
*geometry* verbose mode - [ newgeometry ] result:
* driver: pdftex
* paper: a4paper
* layout: <same size as paper>
* layoutoffset:(h,v)=(0.0pt,0.0pt)
* hratio: 1:1
* vratio: 1:1
* modes: 
* h-part:(L,W,R)=(1.0pt, 595.50787pt, 1.0pt)
* v-part:(T,H,B)=(1.0pt, 843.04684pt, 1.0pt)
* \paperwidth=597.50787pt
* \paperheight=845.04684pt
* \textwidth=595.50787pt
* \textheight=843.04684pt
* \oddsidemargin=-71.26999pt
* \evensidemargin=-71.26999pt
* \topmargin=-71.26999pt
* \headheight=0.0pt
* \headsep=0.0pt
* \topskip=11.0pt
* \footskip=0.0pt
* \marginparwidth=0.0pt
* \marginparsep=0.0pt
* \columnsep=10.0pt
* \skip\footins=10.0pt plus 4.0pt minus 2.0pt
* \hoffset=0.0pt
* \voffset=0.0pt
* \mag=1000
* \@twocolumnfalse
* \@twosidefalse
* \@mparswitchfalse
* \@reversemarginfalse
* (1in=72.27pt=25.4mm, 1cm=28.453pt)

<Figures/Assignment2.jpg, id=176, 597.6729pt x 844.8363pt>
File: Figures/Assignment2.jpg Graphic file (type jpg)
<use Figures/Assignment2.jpg>
Package pdftex.def Info: Figures/Assignment2.jpg  used on input line 62.
(pdftex.def)             Requested size: 589.60045pt x 834.63734pt.
 [4



 <./Figures/Assignment2.jpg>]
*geometry* verbose mode - [ newgeometry ] result:
* driver: pdftex
* paper: a4paper
* layout: <same size as paper>
* layoutoffset:(h,v)=(0.0pt,0.0pt)
* hratio: 1:1
* vratio: 1:1
* modes: 
* h-part:(L,W,R)=(1.0pt, 595.50787pt, 1.0pt)
* v-part:(T,H,B)=(1.0pt, 843.04684pt, 1.0pt)
* \paperwidth=597.50787pt
* \paperheight=845.04684pt
* \textwidth=595.50787pt
* \textheight=843.04684pt
* \oddsidemargin=-71.26999pt
* \evensidemargin=-71.26999pt
* \topmargin=-71.26999pt
* \headheight=0.0pt
* \headsep=0.0pt
* \topskip=11.0pt
* \footskip=0.0pt
* \marginparwidth=0.0pt
* \marginparsep=0.0pt
* \columnsep=10.0pt
* \skip\footins=10.0pt plus 4.0pt minus 2.0pt
* \hoffset=0.0pt
* \voffset=0.0pt
* \mag=1000
* \@twocolumnfalse
* \@twosidefalse
* \@mparswitchfalse
* \@reversemarginfalse
* (1in=72.27pt=25.4mm, 1cm=28.453pt)

<Figures/prohlaseni.jpg, id=181, 597.6729pt x 844.8363pt>
File: Figures/prohlaseni.jpg Graphic file (type jpg)
<use Figures/prohlaseni.jpg>
Package pdftex.def Info: Figures/prohlaseni.jpg  used on input line 62.
(pdftex.def)             Requested size: 589.60045pt x 834.63734pt.
 [5




 <./Figures/prohlaseni.jpg>]
[6



]
*geometry* verbose mode - [ newgeometry ] result:
* driver: pdftex
* paper: a4paper
* layout: <same size as paper>
* layoutoffset:(h,v)=(0.0pt,0.0pt)
* hratio: 1:1
* vratio: 1:1
* modes: 
* h-part:(L,W,R)=(1.0pt, 595.50787pt, 1.0pt)
* v-part:(T,H,B)=(1.0pt, 843.04684pt, 1.0pt)
* \paperwidth=597.50787pt
* \paperheight=845.04684pt
* \textwidth=595.50787pt
* \textheight=843.04684pt
* \oddsidemargin=-71.26999pt
* \evensidemargin=-71.26999pt
* \topmargin=-71.26999pt
* \headheight=0.0pt
* \headsep=0.0pt
* \topskip=11.0pt
* \footskip=0.0pt
* \marginparwidth=0.0pt
* \marginparsep=0.0pt
* \columnsep=10.0pt
* \skip\footins=10.0pt plus 4.0pt minus 2.0pt
* \hoffset=0.0pt
* \voffset=0.0pt
* \mag=1000
* \@twocolumnfalse
* \@twosidefalse
* \@mparswitchfalse
* \@reversemarginfalse
* (1in=72.27pt=25.4mm, 1cm=28.453pt)

<Figures/zverejneni.jpg, id=190, 597.6729pt x 844.8363pt>
File: Figures/zverejneni.jpg Graphic file (type jpg)
<use Figures/zverejneni.jpg>
Package pdftex.def Info: Figures/zverejneni.jpg  used on input line 62.
(pdftex.def)             Requested size: 589.60045pt x 834.63734pt.
 [7

 <./Figures/zverejneni.jpg>] [8



] [9] [10

] [11] [12

] (main.toc
LaTeX Font Info:    Try loading font information for OT1+lmr on input line 12.

("E:\Program Files\MikTex\tex/latex/lm\ot1lmr.fd"
File: ot1lmr.fd 2009/10/30 v1.6 Font defs for Latin Modern
)
LaTeX Font Info:    Try loading font information for OML+lmm on input line 12.

("E:\Program Files\MikTex\tex/latex/lm\omllmm.fd"
File: omllmm.fd 2009/10/30 v1.6 Font defs for Latin Modern
)
LaTeX Font Info:    Try loading font information for OMS+lmsy on input line 12.


("E:\Program Files\MikTex\tex/latex/lm\omslmsy.fd"
File: omslmsy.fd 2009/10/30 v1.6 Font defs for Latin Modern
)
LaTeX Font Info:    Try loading font information for OMX+lmex on input line 12.


("E:\Program Files\MikTex\tex/latex/lm\omxlmex.fd"
File: omxlmex.fd 2009/10/30 v1.6 Font defs for Latin Modern
)
LaTeX Font Info:    External font `lmex10' loaded for size
(Font)              <10.95> on input line 12.
LaTeX Font Info:    External font `lmex10' loaded for size
(Font)              <8> on input line 12.
LaTeX Font Info:    External font `lmex10' loaded for size
(Font)              <6> on input line 12.
 [13

])
\tf@toc=\write6
\openout6 = `main.toc'.

 [14] [15


] [16

]
(main.lof)
\tf@lof=\write7
\openout7 = `main.lof'.

 [17

] [18

] (main.lot)
\tf@lot=\write8
\openout8 = `main.lot'.

 [19

] [20

] [21

] [22

]
LaTeX Font Info:    Try loading font information for OMS+lmr on input line 80.

("E:\Program Files\MikTex\tex/latex/lm\omslmr.fd"
File: omslmr.fd 2009/10/30 v1.6 Font defs for Latin Modern
)
LaTeX Font Info:    Font shape `OMS/lmr/m/n' in size <10.95> not available
(Font)              Font shape `OMS/lmsy/m/n' tried instead on input line 80.
 [23] [24] [25

]
<Figures/SceneBuilder.png, id=371, 933.4875pt x 602.25pt>
File: Figures/SceneBuilder.png Graphic file (type png)
<use Figures/SceneBuilder.png>
Package pdftex.def Info: Figures/SceneBuilder.png  used on input line 130.
(pdftex.def)             Requested size: 455.24411pt x 293.70825pt.
 [26 <./Figures/SceneBuilder.png>] [27

] [28

]
<Figures/datadiagram.png, id=399, 814.04124pt x 705.63625pt>
File: Figures/datadiagram.png Graphic file (type png)
<use Figures/datadiagram.png>
Package pdftex.def Info: Figures/datadiagram.png  used on input line 152.
(pdftex.def)             Requested size: 455.24411pt x 394.61525pt.
 [29 <./Figures/datadiagram.png>] [30] [31]
Underfull \hbox (badness 10000) in paragraph at lines 204--205

 []

("E:\Program Files\MikTex\tex/latex/listings\lstlang1.sty"
File: lstlang1.sty 2019/02/27 1.8b listings language file
)
("E:\Program Files\MikTex\tex/latex/listings\lstmisc.sty"
File: lstmisc.sty 2019/02/27 1.8b (Carsten Heinz)
)
LaTeX Font Info:    Try loading font information for T1+lmtt on input line 207.


("E:\Program Files\MikTex\tex/latex/lm\t1lmtt.fd"
File: t1lmtt.fd 2009/10/30 v1.6 Font defs for Latin Modern
)
Overfull \hbox (17.0pt too wide) in paragraph at lines 206--223
[]$[]$ 
 []


Overfull \hbox (17.0pt too wide) in paragraph at lines 226--233
[]$[]$ 
 []


Overfull \hbox (17.0pt too wide) in paragraph at lines 236--250
[]$[]$ 
 []

[32] [33] [34

]
<Figures/presentlayer.png, id=474, 773.89125pt x 529.98pt>
File: Figures/presentlayer.png Graphic file (type png)
<use Figures/presentlayer.png>
Package pdftex.def Info: Figures/presentlayer.png  used on input line 261.
(pdftex.def)             Requested size: 455.24411pt x 311.76358pt.
 [35 <./Figures/presentlayer.png>]
Overfull \hbox (2.01477pt too wide) in paragraph at lines 268--269
\T1/lmr/bx/it/10.95 MainWindowController, Run-ningTask-Con-t-roller, Hel-pWin-d
ow-Con-t-roller a Im-port-
 []

[36]
<Figures/coneditor.png, id=486, 895.09406pt x 621.82312pt>
File: Figures/coneditor.png Graphic file (type png)
<use Figures/coneditor.png>
Package pdftex.def Info: Figures/coneditor.png  used on input line 281.
(pdftex.def)             Requested size: 455.24411pt x 316.26216pt.
LaTeX Font Info:    Font shape `OMS/lmr/bx/n' in size <10.95> not available
(Font)              Font shape `OMS/lmsy/b/n' tried instead on input line 283.
 [37 <./Figures/coneditor.png>]
<Figures/sqleditor.png, id=495, 895.09406pt x 621.82312pt>
File: Figures/sqleditor.png Graphic file (type png)
<use Figures/sqleditor.png>
Package pdftex.def Info: Figures/sqleditor.png  used on input line 288.
(pdftex.def)             Requested size: 455.24411pt x 316.26216pt.
 [38 <./Figures/sqleditor.png>]
<Figures/taskeditor.png, id=504, 895.09406pt x 621.82312pt>
File: Figures/taskeditor.png Graphic file (type png)
<use Figures/taskeditor.png>
Package pdftex.def Info: Figures/taskeditor.png  used on input line 295.
(pdftex.def)             Requested size: 455.24411pt x 316.26216pt.
 [39 <./Figures/taskeditor.png>]
<Figures/taskmongui.png, id=512, 892.83563pt x 615.80063pt>
File: Figures/taskmongui.png Graphic file (type png)
<use Figures/taskmongui.png>
Package pdftex.def Info: Figures/taskmongui.png  used on input line 304.
(pdftex.def)             Requested size: 455.24411pt x 313.98839pt.
 [40 <./Figures/taskmongui.png>] [41] [42

]
<Figures/rtprocess.png, id=529, 974.64125pt x 693.59125pt>
File: Figures/rtprocess.png Graphic file (type png)
<use Figures/rtprocess.png>
Package pdftex.def Info: Figures/rtprocess.png  used on input line 330.
(pdftex.def)             Requested size: 455.24411pt x 323.9665pt.
 [43 <./Figures/rtprocess.png>]
<Figures/var.png, id=539, 663.47874pt x 502.87875pt>
File: Figures/var.png Graphic file (type png)
<use Figures/var.png>
Package pdftex.def Info: Figures/var.png  used on input line 342.
(pdftex.def)             Requested size: 364.19667pt x 276.03935pt.
 [44 <./Figures/var.png>]
<Figures/runtask.png, id=545, 719.68875pt x 423.08063pt>
File: Figures/runtask.png Graphic file (type png)
<use Figures/runtask.png>
Package pdftex.def Info: Figures/runtask.png  used on input line 350.
(pdftex.def)             Requested size: 455.24411pt x 267.63321pt.
 [45 <./Figures/runtask.png>]
<Figures/getvalues.png, id=555, 635.37375pt x 583.17876pt>
File: Figures/getvalues.png Graphic file (type png)
<use Figures/getvalues.png>
Package pdftex.def Info: Figures/getvalues.png  used on input line 364.
(pdftex.def)             Requested size: 341.43307pt x 313.39018pt.
 [46 <./Figures/getvalues.png>]
Underfull \hbox (badness 10000) in paragraph at lines 379--382

 []


Underfull \hbox (badness 10000) in paragraph at lines 383--385

 []


Underfull \hbox (badness 10000) in paragraph at lines 395--397

 []


Underfull \hbox (badness 10000) in paragraph at lines 398--401

 []

[47] [48]
<Figures/plugins.png, id=577, 673.51625pt x 537.00626pt>
File: Figures/plugins.png Graphic file (type png)
<use Figures/plugins.png>
Package pdftex.def Info: Figures/plugins.png  used on input line 420.
(pdftex.def)             Requested size: 455.24411pt x 362.97981pt.
 [49 <./Figures/plugins.png>] [50

]
Underfull \hbox (badness 10000) in paragraph at lines 466--467

 []

[51] [52] [53] [54] [55] [56

] [57] [58

]
Underfull \hbox (badness 10000) in paragraph at lines 681--682
[]\T1/lmr/m/n/10.95 ANTRL Docs [on-line]. [cit. 2019-03-06]. Do-stupné z:
 []


Underfull \hbox (badness 10000) in paragraph at lines 682--683
[]\T1/lmr/m/n/10.95 ANTRL p°e-hled do-stup-ných gra-ma-tik [on-line]. [cit. 201
9-03-02]. Do-stupné z:
 []


Underfull \hbox (badness 10000) in paragraph at lines 684--685
[]\T1/lmr/m/n/10.95 JSql par-ser do-ku-men-tace [on-line]. [cit. 2019-03-10]. D
o-stupné z:
 []


Underfull \hbox (badness 3019) in paragraph at lines 685--686
[]\T1/lmr/m/n/10.95 Cindy Cas-tillo. JSBGS.BOOK: Ja-vaFX Scene Bu-il-der Get-ti
ng Star-ted with Ja-
 []


Underfull \hbox (badness 5711) in paragraph at lines 685--686
\T1/lmr/m/n/10.95 vaFX Scene Bu-il-der Re-le-ase 2.0 2014 [on-line]. [cit. 2019
-03-10]. Do-stupné z:
 []


Underfull \hbox (badness 10000) in paragraph at lines 686--687
[]\T1/lmr/m/n/10.95 A Brief His-tory of Net-Be-ans [on-line]. [cit. 2019-03-12]
. Do-stupné z:
 []


Underfull \hbox (badness 10000) in paragraph at lines 688--689
[]\T1/lmr/m/n/10.95 Java 8 SE do-ku-men-tace [on-line]. [cit. 2019-04-18]. Do-s
tupné z:
 []


Underfull \hbox (badness 10000) in paragraph at lines 689--690
[]\T1/lmr/m/n/10.95 JDBC do-ku-men-tace [on-line]. [cit. 2019-04-18]. Do-stupné
 z:
 []


Underfull \hbox (badness 10000) in paragraph at lines 690--691
[]\T1/lmr/m/n/10.95 JavaFX do-ku-men-tace [on-line]. [cit. 2019-04-18]. Do-stup
né z:
 []


Underfull \hbox (badness 10000) in paragraph at lines 691--692
[]\T1/lmr/m/n/10.95 JAXB do-ku-men-tace [on-line]. [cit. 2019-04-18]. Do-stupné
 z:
 []


Underfull \hbox (badness 10000) in paragraph at lines 692--693
[]\T1/lmr/m/n/10.95 JavaFX Scene Bu-il-der do-ku-men-tace [on-line]. [cit. 2019
-04-18]. Do-stupné z:
 []


Underfull \hbox (badness 10000) in paragraph at lines 692--693
\T1/lmr/m/n/10.95 https://www.oracle.com/technetwork/java/javase/downloads/java
fxscenebuilder-info-
 []

[59] [60

] [61]
Package atveryend Info: Empty hook `BeforeClearDocument' on input line 715.
Package atveryend Info: Empty hook `AfterLastShipout' on input line 715.
 (main.aux)
Package atveryend Info: Executing hook `AtVeryEndDocument' on input line 715.
Package atveryend Info: Executing hook `AtEndAfterFileList' on input line 715.
Package rerunfilecheck Info: File `main.out' has not changed.
(rerunfilecheck)             Checksum: 7249BA1709CD5D311197AD269E9661D1;3715.


LaTeX Warning: Label(s) may have changed. Rerun to get cross-references right.

Package atveryend Info: Empty hook `AtVeryVeryEnd' on input line 715.
 ) 
Here is how much of TeX's memory you used:
 27384 strings out of 492946
 459225 string characters out of 3137289
 777170 words of memory out of 3000000
 30628 multiletter control sequences out of 15000+200000
 53974 words of font info for 40 fonts, out of 3000000 for 9000
 1141 hyphenation exceptions out of 8191
 55i,8n,51p,1376b,2325s stack positions out of 5000i,500n,10000p,200000b,50000s
{E:/Program Files/MikTex/fonts/enc/dvips/lm/lm-mathsy.enc}{E:/Program Files/M
ikTex/fonts/enc/dvips/lm/lm-ec.enc}<E:/Program Files/MikTex/fonts/type1/public/
lm/lmbsy10.pfb><E:/Program Files/MikTex/fonts/type1/public/lm/lmbx10.pfb><E:/Pr
ogram Files/MikTex/fonts/type1/public/lm/lmbx12.pfb><E:/Program Files/MikTex/fo
nts/type1/public/lm/lmbxi10.pfb><E:/Program Files/MikTex/fonts/type1/public/lm/
lmr10.pfb><E:/Program Files/MikTex/fonts/type1/public/lm/lmri10.pfb><E:/Program
 Files/MikTex/fonts/type1/public/lm/lmss12.pfb><E:/Program Files/MikTex/fonts/t
ype1/public/lm/lmssbx10.pfb><E:/Program Files/MikTex/fonts/type1/public/lm/lmsy
10.pfb><E:/Program Files/MikTex/fonts/type1/public/lm/lmtt10.pfb>
Output written on main.pdf (61 pages, 1541115 bytes).
PDF statistics:
 744 PDF objects out of 1000 (max. 8388607)
 168 named destinations out of 1000 (max. 500000)
 417 words of extra memory for PDF output out of 10000 (max. 10000000)

