\BOOKMARK [1][-]{Doc-Start}{\376\377\000S\000e\000z\000n\000a\000m\000\040\000p\000o\000u\001\176\000i\000t\000\375\000c\000h\000\040\000z\000k\000r\000a\000t\000e\000k\000\040\000a\000\040\000s\000y\000m\000b\000o\000l\001\157}{}% 1
\BOOKMARK [1][-]{Doc-Start}{\376\377\000S\000e\000z\000n\000a\000m\000\040\000o\000b\000r\000\341\000z\000k\001\157}{}% 2
\BOOKMARK [1][-]{Doc-Start}{Seznam\040tabulek}{}% 3
\BOOKMARK [1][-]{section.1}{\332vod}{}% 4
\BOOKMARK [1][-]{section.2}{DBMS}{}% 5
\BOOKMARK [2][-]{subsection.2.1}{Obecn\351\040vlastnosti\040DBMS}{section.2}% 6
\BOOKMARK [2][-]{subsection.2.2}{Jazyk\040SQL\040\(Structured\040Query\040Language\)}{section.2}% 7
\BOOKMARK [2][-]{subsection.2.3}{Vyt\355\236en\355\040datab\341zov\351ho\040serveru}{section.2}% 8
\BOOKMARK [1][-]{section.3}{Pou\236it\341\040technologie\040pro\040implementaci\040aplikace}{}% 9
\BOOKMARK [2][-]{subsection.3.1}{Programovac\355\040jazyk\040Java}{section.3}% 10
\BOOKMARK [2][-]{subsection.3.2}{JDBC\040\(Java\040Database\040Connectivity\)}{section.3}% 11
\BOOKMARK [2][-]{subsection.3.3}{Knihovna\040JavaFX\040pro\040grafick\351\040rozhran\355}{section.3}% 12
\BOOKMARK [2][-]{subsection.3.4}{JAXB}{section.3}% 13
\BOOKMARK [2][-]{subsection.3.5}{SceneBuilder}{section.3}% 14
\BOOKMARK [1][-]{section.4}{Datov\341\040vrstva}{}% 15
\BOOKMARK [2][-]{subsection.4.1}{\376\377\000D\000i\000a\000g\000r\000a\000m\000\040\000t\001\131\000\355\000d}{section.4}% 16
\BOOKMARK [2][-]{subsection.4.2}{Datov\351\040struktury}{section.4}% 17
\BOOKMARK [2][-]{subsection.4.3}{XML\040datov\351\040soubory}{section.4}% 18
\BOOKMARK [2][-]{subsection.4.4}{Log\040a\040CSV\040soubory}{section.4}% 19
\BOOKMARK [1][-]{section.5}{\376\377\000P\000r\000e\000z\000e\000n\000t\000a\001\015\000n\000\355\000\040\000v\000r\000s\000t\000v\000a}{}% 20
\BOOKMARK [2][-]{subsection.5.1}{\376\377\000D\000i\000g\000r\000a\000m\000\040\000t\001\131\000\355\000d}{section.5}% 21
\BOOKMARK [2][-]{subsection.5.2}{Hlavn\355\040okno\040aplikace}{section.5}% 22
\BOOKMARK [2][-]{subsection.5.3}{Okno\040monitoru\040\372loh}{section.5}% 23
\BOOKMARK [1][-]{section.6}{Logick\341\040vrstva}{}% 24
\BOOKMARK [2][-]{subsection.6.1}{\376\377\000D\000i\000a\000g\000r\000a\000m\000y\000\040\000p\000r\001\157\000b\001\033\000h\000u\000\040\000\372\000l\000o\000h\000y}{section.6}% 25
\BOOKMARK [2][-]{subsection.6.2}{U\236ivatelem\040definovan\351\040funkce}{section.6}% 26
\BOOKMARK [2][-]{subsection.6.3}{Znakov\351\040posloupnosti}{section.6}% 27
\BOOKMARK [2][-]{subsection.6.4}{\376\377\000R\000o\000z\001\141\000\355\001\131\000e\000n\000\355\000\040\000a\000p\000l\000i\000k\000a\000c\000e}{section.6}% 28
\BOOKMARK [1][-]{section.7}{\376\377\000V\000a\000l\000i\000d\000a\000c\000e\000\040\000S\000Q\000L\000\040\000d\000o\000t\000a\000z\001\157\000\040\000-\000\040\000S\000Q\000L\000\040\000L\000e\000x\000e\000r\000\040\000/\000\040\000P\000a\000r\000s\000e\000r}{}% 29
\BOOKMARK [2][-]{subsection.7.1}{Projekt\040ANTLR\040\(ANother\040Tool\040for\040Language\040Recognition\)}{section.7}% 30
\BOOKMARK [2][-]{subsection.7.2}{Testy\040ANTRL}{section.7}% 31
\BOOKMARK [2][-]{subsection.7.3}{Projekt\040Jsqlparser}{section.7}% 32
\BOOKMARK [2][-]{subsection.7.4}{Testy\040Jsqlparser}{section.7}% 33
\BOOKMARK [2][-]{subsection.7.5}{Srovn\341n\355\040parser\040knihoven}{section.7}% 34
\BOOKMARK [1][-]{section.8}{\376\377\000Z\000\341\000v\001\033\000r}{}% 35
\BOOKMARK [1][-]{section.8}{Literatura}{}% 36
\BOOKMARK [1][-]{section.8}{\376\377\000P\001\131\000\355\000l\000o\000h\000y}{}% 37
\BOOKMARK [1][-]{appendix.A}{Zdrojov\375\040k\363d\040pro\040testov\341n\355\040ANTRL\040-\040MySQL}{}% 38
\BOOKMARK [1][-]{appendix.B}{Zdrojov\375\040k\363d\040pro\040testov\341n\355\040ANTRL\040-\040T-SQL}{}% 39
\BOOKMARK [1][-]{appendix.C}{Zdrojov\375\040k\363d\040pro\040testov\341n\355\040ANTRL\040-\040PL-SQL}{}% 40
\BOOKMARK [1][-]{appendix.D}{Zdrojov\375\040k\363d\040pro\040testov\341n\355\040JsqlParser}{}% 41
